[2026-04-29 13:25:16] GET cmd=none
[2026-04-29 13:25:40] GET cmd=none
[2026-04-29 13:25:46] GET cmd=none
[2026-04-29 13:25:46] GET cmd=none
[2026-04-29 13:26:00] GET cmd=none
[2026-04-29 13:27:22] GET cmd=get_all_archives
[2026-04-29 13:27:22] GET cmd=get_all_archives
[2026-04-29 13:27:22] GET cmd=get_all_archives
[2026-04-29 13:28:26] GET cmd=get_all_archives
[2026-04-29 13:28:43] GET cmd=get_all_archives
[2026-04-29 13:28:45] GET cmd=get_all_archives
[2026-04-29 13:28:54] GET cmd=none
[2026-04-29 13:28:58] GET cmd=get_all_archives
[2026-04-29 13:32:11] GET cmd=get_all_archives
[2026-04-29 13:32:15] GET cmd=get_all_archives
[2026-04-29 13:32:16] GET cmd=get_all_archives
[2026-04-29 13:32:16] GET cmd=get_all_archives
[2026-04-29 13:32:16] GET cmd=get_all_archives
[2026-04-29 13:32:38] GET cmd=get_all_archives
[2026-04-29 13:32:39] GET cmd=get_all_archives
[2026-04-29 13:32:39] GET cmd=get_all_archives
[2026-04-29 13:32:39] GET cmd=get_all_archives
[2026-04-29 13:33:57] GET cmd=get_all_archives
[2026-04-29 13:33:58] GET cmd=get_all_archives
[2026-04-29 13:33:58] GET cmd=get_all_archives
[2026-04-29 13:36:13] GET cmd=get_all_archives
[2026-04-29 13:36:13] GET cmd=get_all_archives
[2026-04-29 13:36:13] GET cmd=get_all_archives
[2026-04-29 13:36:28] GET cmd=get_all_archives
[2026-04-29 13:38:35] POST cmd=none
[2026-04-29 13:39:15] POST cmd=none
[2026-04-29 13:41:24] GET cmd=get_all_archives
[2026-04-29 13:41:27] GET cmd=get_all_archives
[2026-04-29 13:41:28] GET cmd=get_all_archives
[2026-04-29 13:41:53] GET cmd=get_all_archives
[2026-04-29 13:41:55] GET cmd=get_all_archives
[2026-04-29 13:41:58] GET cmd=get_all_archives
[2026-04-29 13:42:00] GET cmd=none
[2026-04-29 13:42:01] GET cmd=none
[2026-04-29 13:42:02] GET cmd=get_all_archives
[2026-04-29 13:43:47] GET cmd=get_all_archives
[2026-04-29 13:45:09] GET cmd=get_all_archives
[2026-04-29 13:46:24] POST cmd=save_app
[2026-04-29 13:51:13] GET cmd=get_all_archives
[2026-04-29 13:51:16] GET cmd=get_all_archives
[2026-04-29 13:51:18] GET cmd=get_all_archives
[2026-04-29 13:51:36] POST cmd=restore
[2026-04-29 13:51:37] GET cmd=get_all_archives
[2026-04-29 13:51:39] GET cmd=get_all_archives
[2026-04-29 13:55:35] GET cmd=get_all_archives
[2026-04-29 13:56:03] POST cmd=save_app
[2026-04-29 13:56:05] GET cmd=get_all_archives
[2026-04-29 14:05:43] GET cmd=get_all_archives
[2026-04-29 14:05:46] GET cmd=get_all_archives
[2026-04-29 14:05:49] GET cmd=get_all_archives
[2026-04-29 14:05:51] GET cmd=get_all_archives
[2026-04-29 14:05:51] GET cmd=get_all_archives
[2026-04-29 14:06:52] GET cmd=get_zip_contents
[2026-04-29 14:10:27] GET cmd=get_all_archives
[2026-04-29 14:10:35] GET cmd=get_all_archives
[2026-04-29 14:10:37] GET cmd=get_all_archives
[2026-04-29 14:10:41] GET cmd=get_zip_contents
[2026-04-29 14:15:37] GET cmd=get_all_archives
[2026-04-29 14:15:39] GET cmd=get_all_archives
[2026-04-29 14:15:41] GET cmd=get_all_archives
[2026-04-29 14:15:48] GET cmd=none
[2026-04-29 14:15:49] GET cmd=get_all_archives
[2026-04-29 14:16:27] GET cmd=get_all_archives
[2026-04-29 14:18:05] GET cmd=get_all_archives
[2026-04-29 14:18:29] GET cmd=get_all_archives
[2026-04-29 14:18:50] GET cmd=get_all_archives
[2026-04-29 14:18:59] GET cmd=none
[2026-04-29 14:19:14] GET cmd=get_all_archives
[2026-04-29 14:20:09] GET cmd=get_all_archives
[2026-04-29 14:20:54] GET cmd=get_zip_contents
[2026-04-29 14:21:48] GET cmd=peek_zip
[2026-04-29 14:22:13] GET cmd=peek_zip
[2026-04-29 14:28:18] GET cmd=get_all_archives
[2026-04-29 14:30:36] GET cmd=get_zip_contents
[2026-04-29 14:36:46] GET cmd=get_all_archives
[2026-04-29 14:37:28] GET cmd=get_zip_contents
[2026-04-29 14:40:36] GET cmd=get_all_archives
[2026-04-29 14:41:17] GET cmd=get_zip_contents
[2026-04-29 14:41:33] GET cmd=none
[2026-04-29 14:41:34] GET cmd=get_all_archives
[2026-04-29 14:41:39] GET cmd=none
[2026-04-29 14:41:40] GET cmd=none
[2026-04-29 14:41:55] GET cmd=get_all_archives
[2026-04-29 14:42:16] GET cmd=none
[2026-04-29 14:42:18] GET cmd=none
[2026-04-29 14:42:19] GET cmd=none
[2026-04-29 14:42:20] GET cmd=get_all_archives
[2026-04-30 07:14:18] GET cmd=get_all_archives
[2026-04-30 07:14:25] GET cmd=get_all_archives
[2026-04-30 07:17:10] GET cmd=get_all_archives
[2026-04-30 07:17:13] GET cmd=get_all_archives
[2026-04-30 07:17:54] GET cmd=get_all_archives
[2026-04-30 07:17:58] GET cmd=get_all_archives
[2026-04-30 07:18:00] GET cmd=get_all_archives
[2026-04-30 07:19:14] POST cmd=save_app
[2026-04-30 07:19:16] GET cmd=get_all_archives
[2026-04-30 07:19:19] GET cmd=get_all_archives
[2026-04-30 07:19:26] POST cmd=restore
[2026-04-30 07:19:28] GET cmd=get_all_archives
[2026-04-30 07:19:32] GET cmd=get_zip_contents
[2026-04-30 07:19:45] GET cmd=none
[2026-04-30 07:19:46] GET cmd=get_all_archives
[2026-04-30 07:19:58] GET cmd=get_zip_contents
[2026-04-30 07:21:32] GET cmd=get_all_archives
[2026-04-30 07:25:33] GET cmd=get_all_archives
[2026-04-30 07:25:38] GET cmd=none
[2026-04-30 07:25:39] GET cmd=get_all_archives
[2026-04-30 07:25:41] GET cmd=get_zip_contents
[2026-04-30 07:44:42] GET cmd=get_all_archives
[2026-04-30 07:44:53] GET cmd=get_zip_contents
[2026-04-30 07:45:05] GET cmd=none
[2026-04-30 07:45:05] GET cmd=get_all_archives
[2026-04-30 07:46:39] GET cmd=get_all_archives
[2026-04-30 07:46:58] GET cmd=none
[2026-04-30 07:46:58] GET cmd=none
[2026-04-30 07:47:00] GET cmd=get_all_archives
[2026-04-30 07:48:17] GET cmd=get_zip_contents
[2026-04-30 07:48:35] GET cmd=none
[2026-04-30 07:48:36] GET cmd=get_all_archives
[2026-04-30 07:48:40] GET cmd=none
[2026-04-30 07:48:41] GET cmd=get_all_archives
[2026-04-30 07:48:46] GET cmd=get_zip_contents
[2026-04-30 07:50:49] GET cmd=get_all_archives
[2026-04-30 08:06:36] GET cmd=get_all_archives
[2026-04-30 08:06:39] GET cmd=get_zip_contents
[2026-04-30 08:06:51] GET cmd=get_zip_contents
[2026-04-30 08:12:37] GET cmd=get_all_archives
[2026-04-30 08:12:40] GET cmd=get_all_archives
[2026-04-30 08:12:42] GET cmd=none
[2026-04-30 08:12:47] GET cmd=get_all_archives
[2026-04-30 08:12:50] GET cmd=get_all_archives
[2026-04-30 08:14:09] GET cmd=get_all_archives
[2026-04-30 08:14:48] GET cmd=get_all_archives
[2026-04-30 08:14:57] GET cmd=get_all_archives
[2026-04-30 08:28:26] GET cmd=get_all_archives
[2026-04-30 08:28:29] GET cmd=get_all_archives
[2026-04-30 08:28:32] GET cmd=get_zip_contents
[2026-04-30 08:28:51] GET cmd=none
[2026-04-30 08:28:52] GET cmd=none
[2026-04-30 08:28:53] GET cmd=none
[2026-04-30 08:29:08] GET cmd=none
[2026-04-30 08:31:54] GET cmd=get_all_archives
[2026-04-30 08:32:07] GET cmd=none
[2026-04-30 08:34:28] GET cmd=none
[2026-04-30 08:39:29] GET cmd=none
[2026-04-30 08:39:31] GET cmd=none
[2026-04-30 08:39:33] GET cmd=none
[2026-04-30 08:39:35] GET cmd=none
[2026-04-30 08:39:36] GET cmd=none
[2026-04-30 08:39:38] GET cmd=get_all_archives
[2026-04-30 08:39:40] GET cmd=get_all_archives
[2026-04-30 08:40:58] GET cmd=get_all_archives
[2026-04-30 08:43:06] GET cmd=get_all_archives
[2026-04-30 08:43:37] GET cmd=get_all_archives
[2026-04-30 08:43:58] GET cmd=none
[2026-04-30 08:44:08] GET cmd=none
[2026-04-30 08:45:18] GET cmd=get_all_archives
[2026-04-30 08:45:29] GET cmd=get_all_archives
[2026-04-30 08:46:02] GET cmd=none
[2026-04-30 08:46:17] GET cmd=get_all_archives
[2026-04-30 08:46:53] GET cmd=none
[2026-04-30 08:48:16] GET cmd=none
[2026-04-30 08:48:18] GET cmd=none
[2026-04-30 08:48:19] GET cmd=get_all_archives
[2026-05-01 14:04:27] GET cmd=none
[2026-05-01 14:04:37] GET cmd=none
[2026-05-01 14:48:58] GET cmd=none
[2026-05-01 14:55:00] GET cmd=none
[2026-05-01 14:56:21] GET cmd=none
[2026-05-01 14:56:30] GET cmd=none
[2026-05-01 14:56:38] GET cmd=none
[2026-05-01 14:58:43] GET cmd=none
[2026-05-01 14:58:48] GET cmd=none
[2026-05-01 14:59:33] GET cmd=none
[2026-05-01 15:02:20] GET cmd=none
[2026-05-01 15:03:36] GET cmd=none
[2026-05-01 15:03:53] GET cmd=none
[2026-05-01 15:05:29] GET cmd=none
[2026-05-01 15:08:01] GET cmd=none
[2026-05-01 15:08:09] GET cmd=none
[2026-05-01 15:09:22] GET cmd=none
[2026-05-01 15:11:20] GET cmd=none
[2026-05-01 15:12:00] GET cmd=none
[2026-05-01 15:14:43] GET cmd=none
[2026-05-01 15:14:55] GET cmd=none
[2026-05-01 15:18:39] GET cmd=none
[2026-05-01 15:19:56] GET cmd=none
[2026-05-01 15:20:15] GET cmd=none
[2026-05-01 15:20:35] GET cmd=none
[2026-05-01 15:21:00] GET cmd=none
[2026-05-01 15:30:25] GET cmd=none
[2026-05-01 15:33:11] GET cmd=none
